2026-03-19 11:40:15,847 - __main__ - INFO - 更新股票代码规范化为: 000680.SZ
2026-03-19 11:40:15,859 - financial_data_manager - INFO - 数据库初始化完成
2026-03-19 11:40:15,859 - __main__ - INFO - ============================================================
2026-03-19 11:40:15,859 - __main__ - INFO - 更新单只股票的完整历史数据: 000680.SZ
2026-03-19 11:40:15,859 - __main__ - INFO - ============================================================
2026-03-19 11:40:15,881 - tushare_client - INFO - Tushare 客户端初始化成功
2026-03-19 11:40:15,881 - __main__ - INFO - 获取 000680.SZ 的全部历史数据...
2026-03-19 11:40:15,881 - tushare_client - INFO - 开始获取 000680.SZ 的完整财务数据...
2026-03-19 11:40:16,332 - tushare_client - INFO - 分页获取完成，共 100 条数据
2026-03-19 11:40:16,762 - tushare_client - INFO - update_flag 筛选: 原始 100 条 → 筛选后 55 条 (移除 45 条重复记录, 更新版 55 条, 初始版 0 条)
2026-03-19 11:40:16,762 - tushare_client - INFO - 获取 000680.SZ 财务指标数据成功，共 55 条记录
2026-03-19 11:40:17,128 - tushare_client - INFO - 分页获取完成，共 100 条数据
2026-03-19 11:40:17,129 - tushare_client - INFO - update_flag 筛选: 原始 100 条 → 筛选后 70 条 (移除 30 条重复记录, 更新版 34 条, 初始版 36 条)
2026-03-19 11:40:17,129 - tushare_client - INFO - 获取 000680.SZ 资产负债表数据成功，共 70 条记录
2026-03-19 11:40:17,494 - tushare_client - INFO - 分页获取完成，共 122 条数据
2026-03-19 11:40:17,495 - tushare_client - INFO - 000680.SZ: 过滤掉 4 条上市前数据，上市日期: 19970122
2026-03-19 11:40:17,496 - tushare_client - INFO - update_flag 筛选: 原始 118 条 → 筛选后 106 条 (移除 12 条重复记录, 更新版 29 条, 初始版 77 条)
2026-03-19 11:40:17,496 - tushare_client - INFO - 获取 000680.SZ 利润表数据成功，共 106 条记录
2026-03-19 11:40:17,867 - tushare_client - INFO - 分页获取完成，共 93 条数据
2026-03-19 11:40:17,868 - tushare_client - INFO - update_flag 筛选: 原始 93 条 → 筛选后 81 条 (移除 12 条重复记录, 更新版 29 条, 初始版 52 条)
2026-03-19 11:40:17,868 - tushare_client - INFO - 获取 000680.SZ 现金流量表数据成功，共 81 条记录
2026-03-19 11:40:17,868 - tushare_client - INFO - 获取完成！共 312 条记录
2026-03-19 11:40:17,969 - __main__ - INFO - ✓ 000680.SZ 成功保存 312 条财务记录
2026-03-19 11:40:17,969 - __main__ - INFO - 
✓ 000680.SZ 完整历史数据更新成功
2026-03-19 11:46:37,784 - __main__ - INFO - 更新分红股票代码规范化为: 000680.SZ
2026-03-19 11:46:37,785 - financial_data_manager - INFO - 数据库初始化完成
2026-03-19 11:46:37,785 - __main__ - INFO - ============================================================
2026-03-19 11:46:37,785 - __main__ - INFO - 更新单只股票的分红数据: 000680.SZ
2026-03-19 11:46:37,785 - __main__ - INFO - ============================================================
2026-03-19 11:46:37,790 - tushare_client - INFO - Tushare 客户端初始化成功
2026-03-19 11:46:37,790 - __main__ - INFO - 正在获取 000680.SZ 的分红数据...
2026-03-19 11:46:37,958 - __main__ - WARNING - ⚠️  000680.SZ 未获取到分红数据
2026-03-19 11:46:43,265 - __main__ - INFO - 更新分红股票代码规范化为: 000333.SZ
2026-03-19 11:46:43,266 - financial_data_manager - INFO - 数据库初始化完成
2026-03-19 11:46:43,266 - __main__ - INFO - ============================================================
2026-03-19 11:46:43,266 - __main__ - INFO - 更新单只股票的分红数据: 000333.SZ
2026-03-19 11:46:43,266 - __main__ - INFO - ============================================================
2026-03-19 11:46:43,270 - tushare_client - INFO - Tushare 客户端初始化成功
2026-03-19 11:46:43,270 - __main__ - INFO - 正在获取 000333.SZ 的分红数据...
2026-03-19 11:46:43,385 - __main__ - WARNING - ⚠️  000333.SZ 未获取到分红数据
2026-03-19 11:47:49,102 - __main__ - INFO - 更新分红股票代码规范化为: 000333.SZ
2026-03-19 11:47:49,104 - financial_data_manager - INFO - 数据库初始化完成
2026-03-19 11:47:49,104 - __main__ - INFO - ============================================================
2026-03-19 11:47:49,104 - __main__ - INFO - 更新单只股票的分红数据: 000333.SZ
2026-03-19 11:47:49,104 - __main__ - INFO - ============================================================
2026-03-19 11:47:49,109 - tushare_client - INFO - Tushare 客户端初始化成功
2026-03-19 11:47:49,109 - __main__ - INFO - 正在获取 000333.SZ 的分红数据...
2026-03-19 11:47:49,168 - __main__ - ERROR - ✗ 000333.SZ 分红数据更新失败: FinancialDataManager.save_dividend_data() missing 1 required positional argument: 'dividend_df'
2026-03-19 11:48:08,609 - __main__ - INFO - 更新分红股票代码规范化为: 000333.SZ
2026-03-19 11:48:08,610 - financial_data_manager - INFO - 数据库初始化完成
2026-03-19 11:48:08,610 - __main__ - INFO - ============================================================
2026-03-19 11:48:08,610 - __main__ - INFO - 更新单只股票的分红数据: 000333.SZ
2026-03-19 11:48:08,610 - __main__ - INFO - ============================================================
2026-03-19 11:48:08,615 - tushare_client - INFO - Tushare 客户端初始化成功
2026-03-19 11:48:08,615 - __main__ - INFO - 正在获取 000333.SZ 的分红数据...
2026-03-19 11:48:08,726 - __main__ - ERROR - ✗ 000333.SZ 分红数据更新失败: Cannot operate on a closed database.
2026-03-19 11:48:31,616 - __main__ - INFO - 更新分红股票代码规范化为: 000333.SZ
2026-03-19 11:48:31,617 - financial_data_manager - INFO - 数据库初始化完成
2026-03-19 11:48:31,617 - __main__ - INFO - ============================================================
2026-03-19 11:48:31,617 - __main__ - INFO - 更新单只股票的分红数据: 000333.SZ
2026-03-19 11:48:31,617 - __main__ - INFO - ============================================================
2026-03-19 11:48:31,623 - tushare_client - INFO - Tushare 客户端初始化成功
2026-03-19 11:48:31,623 - __main__ - INFO - 正在获取 000333.SZ 的分红数据...
2026-03-19 11:48:31,699 - __main__ - INFO - ✓ 000333.SZ 分红数据更新成功，共 36 条记录
2026-03-19 11:53:16,365 - __main__ - INFO - 更新分红股票代码规范化为: 000680.SZ
2026-03-19 11:53:16,367 - financial_data_manager - INFO - 数据库初始化完成
2026-03-19 11:53:16,367 - __main__ - INFO - ============================================================
2026-03-19 11:53:16,367 - __main__ - INFO - 更新单只股票的分红数据: 000680.SZ
2026-03-19 11:53:16,367 - __main__ - INFO - ============================================================
2026-03-19 11:53:16,372 - tushare_client - INFO - Tushare 客户端初始化成功
2026-03-19 11:53:16,372 - __main__ - INFO - 正在获取 000680.SZ 的分红数据...
2026-03-19 11:53:16,504 - __main__ - INFO - ✓ 000680.SZ 分红数据更新成功，共 45 条记录
2026-03-19 11:53:19,771 - __main__ - INFO - 更新分红股票代码规范化为: 000333.SZ
2026-03-19 11:53:19,772 - financial_data_manager - INFO - 数据库初始化完成
2026-03-19 11:53:19,772 - __main__ - INFO - ============================================================
2026-03-19 11:53:19,772 - __main__ - INFO - 更新单只股票的分红数据: 000333.SZ
2026-03-19 11:53:19,772 - __main__ - INFO - ============================================================
2026-03-19 11:53:19,775 - tushare_client - INFO - Tushare 客户端初始化成功
2026-03-19 11:53:19,775 - __main__ - INFO - 正在获取 000333.SZ 的分红数据...
2026-03-19 11:53:19,829 - __main__ - INFO - ✓ 000333.SZ 分红数据更新成功，共 36 条记录
